[2025.10.02 20:18:53] Backtrace from warning 'Undefined array key "REQUEST_URI"' at /www/wwwroot/traviant46.prus.dev/main_script_dev/include/mainInclude.php 11: /www/wwwroot/traviant46.prus.dev/index.php 2 calling require() | /www/wwwroot/traviant46.prus.dev/main_script/copyable/public/index.php 4 calling require()
[2025.10.02 20:18:53] Backtrace from warning 'Undefined array key "REQUEST_URI"' at /www/wwwroot/traviant46.prus.dev/main_script_dev/include/mainInclude.php 11: /www/wwwroot/traviant46.prus.dev/index.php 2 calling require() | /www/wwwroot/traviant46.prus.dev/main_script/copyable/public/index.php 4 calling require()
[2025.10.02 20:18:53] Backtrace from warning 'Trying to access array offset on null' at /www/wwwroot/traviant46.prus.dev/main_script_dev/include/Core/ErrorHandler.php 66: <unknown file> <unknown line> calling handleFatalErrors()
[2025.10.02 20:18:53] Backtrace from warning 'Trying to access array offset on null' at /www/wwwroot/traviant46.prus.dev/main_script_dev/include/Core/ErrorHandler.php 66: <unknown file> <unknown line> calling handleFatalErrors()
[2025.10.02 20:19:09] Backtrace from warning 'Undefined array key "REQUEST_URI"' at /www/wwwroot/traviant46.prus.dev/main_script_dev/include/mainInclude.php 11: /www/wwwroot/traviant46.prus.dev/main_script/copyable/public/index.php 4 calling require()
[2025.10.02 20:19:09] Backtrace from warning 'Undefined array key "REQUEST_URI"' at /www/wwwroot/traviant46.prus.dev/main_script_dev/include/mainInclude.php 11: /www/wwwroot/traviant46.prus.dev/main_script/copyable/public/index.php 4 calling require()
[2025.10.02 20:19:09] Backtrace from warning 'Trying to access array offset on null' at /www/wwwroot/traviant46.prus.dev/main_script_dev/include/Core/ErrorHandler.php 66: <unknown file> <unknown line> calling handleFatalErrors()
[2025.10.02 20:19:09] Backtrace from warning 'Trying to access array offset on null' at /www/wwwroot/traviant46.prus.dev/main_script_dev/include/Core/ErrorHandler.php 66: <unknown file> <unknown line> calling handleFatalErrors()
[2025.10.02 20:22:24] Backtrace from warning 'Undefined property: stdClass::$us' at /www/wwwroot/traviant46.prus.dev/main_script_dev/include/functions.general.php 854: /www/wwwroot/traviant46.prus.dev/index.php 2 calling require() | /www/wwwroot/traviant46.prus.dev/main_script/copyable/public/index.php 4 calling require() | /www/wwwroot/traviant46.prus.dev/main_script_dev/include/mainInclude.php 161 calling dispatch() | /www/wwwroot/traviant46.prus.dev/main_script_dev/include/Core/Dispatcher.php 17 calling dispatcher() | /www/wwwroot/traviant46.prus.dev/main_script_dev/include/Core/Dispatcher.php 49 calling __construct() | /www/wwwroot/traviant46.prus.dev/main_script_dev/include/Controller/LoginCtrl.php 82 calling T() | /www/wwwroot/traviant46.prus.dev/main_script_dev/include/functions.general.php 275 calling getInstance() | /www/wwwroot/traviant46.prus.dev/main_script_dev/include/Core/Locale.php 77 calling __construct() | /www/wwwroot/traviant46.prus.dev/main_script_dev/include/Core/Locale.php 25 calling populate() | /www/wwwroot/traviant46.prus.dev/main_script_dev/include/Core/Locale.php 30 calling get_locale() | /www/wwwroot/traviant46.prus.dev/main_script_dev/include/functions.general.php 863 calling get_language_properties()
[2025.10.02 20:22:24] Backtrace from warning 'Attempt to read property "locale" on null' at /www/wwwroot/traviant46.prus.dev/main_script_dev/include/functions.general.php 856: /www/wwwroot/traviant46.prus.dev/index.php 2 calling require() | /www/wwwroot/traviant46.prus.dev/main_script/copyable/public/index.php 4 calling require() | /www/wwwroot/traviant46.prus.dev/main_script_dev/include/mainInclude.php 161 calling dispatch() | /www/wwwroot/traviant46.prus.dev/main_script_dev/include/Core/Dispatcher.php 17 calling dispatcher() | /www/wwwroot/traviant46.prus.dev/main_script_dev/include/Core/Dispatcher.php 49 calling __construct() | /www/wwwroot/traviant46.prus.dev/main_script_dev/include/Controller/LoginCtrl.php 82 calling T() | /www/wwwroot/traviant46.prus.dev/main_script_dev/include/functions.general.php 275 calling getInstance() | /www/wwwroot/traviant46.prus.dev/main_script_dev/include/Core/Locale.php 77 calling __construct() | /www/wwwroot/traviant46.prus.dev/main_script_dev/include/Core/Locale.php 25 calling populate() | /www/wwwroot/traviant46.prus.dev/main_script_dev/include/Core/Locale.php 30 calling get_locale() | /www/wwwroot/traviant46.prus.dev/main_script_dev/include/functions.general.php 863 calling get_language_properties()
[2025.10.02 20:22:24] Backtrace from fatal error 'Uncaught mysqli_sql_exception: Table 'sql_traviant46.notificationQueue' doesn't exist in /www/wwwroot/traviant46.prus.dev/main_script_dev/include/Core/Database/DB.php:200
Stack trace:
#0 /www/wwwroot/traviant46.prus.dev/main_script_dev/include/Core/Database/DB.php(200): mysqli->query()
#1 /www/wwwroot/traviant46.prus.dev/main_script_dev/include/Core/Helper/Notification.php(23): Core\Database\DB->query()
#2 /www/wwwroot/traviant46.prus.dev/main_script_dev/include/Core/Locale.php(34): Core\Helper\Notification::notify()
#3 /www/wwwroot/traviant46.prus.dev/main_script_dev/include/Core/Locale.php(25): Core\Locale->populate()
#4 /www/wwwroot/traviant46.prus.dev/main_script_dev/include/Core/Locale.php(77): Core\Locale->__construct()
#5 /www/wwwroot/traviant46.prus.dev/main_script_dev/include/functions.general.php(275): Core\Locale::getInstance()
#6 /www/wwwroot/traviant46.prus.dev/main_script_dev/include/Controller/LoginCtrl.php(82): T()
#7 /www/wwwroot/traviant46.prus.dev/main_script_dev/include/Core/Dispatcher.php(49): Controller\LoginCtrl->__construct()
#8 /www/wwwroot/traviant46.prus.dev/main_script_dev/include/Core/Dispatcher.php(17): Core\Dispatcher->dispatcher()
#9 /www/wwwroot/traviant46.prus.dev/main_script_dev/include/mainInclude.php(161): Core\Dispatcher->dispatch()
#10 /www/wwwroot/traviant46.prus.dev/main_script/copyable/public/index.php(4): require('...')
#11 /www/wwwroot/traviant46.prus.dev/index.php(2): require('...')
#12 {main}
  thrown' at /www/wwwroot/traviant46.prus.dev/main_script_dev/include/Core/Database/DB.php 200: <unknown file> <unknown line> calling handleFatalErrors()
[2025.10.02 20:25:25] No config row found.
[2025.10.02 20:25:25] Backtrace from warning 'Trying to access array offset on null' at /www/wwwroot/traviant46.prus.dev/main_script_dev/include/Core/ErrorHandler.php 66: <unknown file> <unknown line> calling handleFatalErrors()
[2025.10.02 20:25:59] No config row found.
[2025.10.02 20:25:59] Backtrace from warning 'Trying to access array offset on null' at /www/wwwroot/traviant46.prus.dev/main_script_dev/include/Core/ErrorHandler.php 66: <unknown file> <unknown line> calling handleFatalErrors()
[2025.10.02 20:36:25] No config row found.
[2025.10.02 20:36:25] Backtrace from warning 'Trying to access array offset on null' at /www/wwwroot/traviant46.prus.dev/main_script_dev/include/Core/ErrorHandler.php 66: <unknown file> <unknown line> calling handleFatalErrors()
[2025.10.02 20:41:30] No config row found.
[2025.10.02 20:41:30] Backtrace from warning 'Trying to access array offset on null' at /www/wwwroot/traviant46.prus.dev/main_script_dev/include/Core/ErrorHandler.php 66: <unknown file> <unknown line> calling handleFatalErrors()
[2025.10.02 20:58:16] No config row found.
[2025.10.02 20:58:16] Backtrace from warning 'Trying to access array offset on null' at /www/wwwroot/traviant46.prus.dev/main_script_dev/include/Core/ErrorHandler.php 66: <unknown file> <unknown line> calling handleFatalErrors()
[2025.10.02 20:58:42] No config row found.
[2025.10.02 20:58:42] Backtrace from warning 'Trying to access array offset on null' at /www/wwwroot/traviant46.prus.dev/main_script_dev/include/Core/ErrorHandler.php 66: <unknown file> <unknown line> calling handleFatalErrors()
[2025.10.02 21:01:25] No config row found.
[2025.10.02 21:01:25] Backtrace from warning 'Trying to access array offset on null' at /www/wwwroot/traviant46.prus.dev/main_script_dev/include/Core/ErrorHandler.php 66: <unknown file> <unknown line> calling handleFatalErrors()
[2025.10.02 21:08:36] No config row found.
[2025.10.02 21:08:36] Backtrace from warning 'Trying to access array offset on null' at /www/wwwroot/traviant46.prus.dev/main_script_dev/include/Core/ErrorHandler.php 66: <unknown file> <unknown line> calling handleFatalErrors()
[2025.10.02 21:08:54] No config row found.
[2025.10.02 21:08:54] Backtrace from warning 'Trying to access array offset on null' at /www/wwwroot/traviant46.prus.dev/main_script_dev/include/Core/ErrorHandler.php 66: <unknown file> <unknown line> calling handleFatalErrors()
[2025.10.02 21:08:54] No config row found.
[2025.10.02 21:08:54] Backtrace from warning 'Trying to access array offset on null' at /www/wwwroot/traviant46.prus.dev/main_script_dev/include/Core/ErrorHandler.php 66: <unknown file> <unknown line> calling handleFatalErrors()
[2025.10.02 21:08:55] No config row found.
[2025.10.02 21:08:55] Backtrace from warning 'Trying to access array offset on null' at /www/wwwroot/traviant46.prus.dev/main_script_dev/include/Core/ErrorHandler.php 66: <unknown file> <unknown line> calling handleFatalErrors()
[2025.10.02 21:11:09] No config row found.
[2025.10.02 21:11:09] Backtrace from warning 'Trying to access array offset on null' at /www/wwwroot/traviant46.prus.dev/main_script_dev/include/Core/ErrorHandler.php 66: <unknown file> <unknown line> calling handleFatalErrors()
[2025.10.02 21:11:14] No config row found.
[2025.10.02 21:11:14] Backtrace from warning 'Trying to access array offset on null' at /www/wwwroot/traviant46.prus.dev/main_script_dev/include/Core/ErrorHandler.php 66: <unknown file> <unknown line> calling handleFatalErrors()
[2025.10.02 21:11:16] No config row found.
[2025.10.02 21:11:16] Backtrace from warning 'Trying to access array offset on null' at /www/wwwroot/traviant46.prus.dev/main_script_dev/include/Core/ErrorHandler.php 66: <unknown file> <unknown line> calling handleFatalErrors()
[2025.10.02 21:12:12] No config row found.
[2025.10.02 21:12:12] Backtrace from warning 'Trying to access array offset on null' at /www/wwwroot/traviant46.prus.dev/main_script_dev/include/Core/ErrorHandler.php 66: <unknown file> <unknown line> calling handleFatalErrors()
[2025.10.02 21:15:13] No config row found.
[2025.10.02 21:15:13] Backtrace from warning 'Trying to access array offset on null' at /www/wwwroot/traviant46.prus.dev/main_script_dev/include/Core/ErrorHandler.php 66: <unknown file> <unknown line> calling handleFatalErrors()
[2025.10.02 21:20:23] No config row found.
[2025.10.02 21:20:23] Backtrace from warning 'Trying to access array offset on null' at /www/wwwroot/traviant46.prus.dev/main_script_dev/include/Core/ErrorHandler.php 66: <unknown file> <unknown line> calling handleFatalErrors()
[2025.10.02 21:44:04] No config row found.
[2025.10.02 21:44:04] Backtrace from warning 'Trying to access array offset on null' at /www/wwwroot/traviant46.prus.dev/main_script_dev/include/Core/ErrorHandler.php 66: <unknown file> <unknown line> calling handleFatalErrors()
[2025.10.02 21:50:45] No config row found.
[2025.10.02 21:50:45] Backtrace from warning 'Trying to access array offset on null' at /www/wwwroot/traviant46.prus.dev/main_script_dev/include/Core/ErrorHandler.php 66: <unknown file> <unknown line> calling handleFatalErrors()
[2025.10.02 21:52:38] No config row found.
[2025.10.02 21:52:38] Backtrace from warning 'Trying to access array offset on null' at /www/wwwroot/traviant46.prus.dev/main_script_dev/include/Core/ErrorHandler.php 66: <unknown file> <unknown line> calling handleFatalErrors()
[2025.10.02 22:00:11] No config row found.
[2025.10.02 22:00:11] Backtrace from warning 'Trying to access array offset on null' at /www/wwwroot/traviant46.prus.dev/main_script_dev/include/Core/ErrorHandler.php 66: <unknown file> <unknown line> calling handleFatalErrors()
[2025.10.02 22:02:23] No config row found.
[2025.10.02 22:02:23] Backtrace from warning 'Trying to access array offset on null' at /www/wwwroot/traviant46.prus.dev/main_script_dev/include/Core/ErrorHandler.php 66: <unknown file> <unknown line> calling handleFatalErrors()
[2025.10.02 22:17:53] No config row found.
[2025.10.02 22:17:53] Backtrace from warning 'Trying to access array offset on null' at /www/wwwroot/traviant46.prus.dev/main_script_dev/include/Core/ErrorHandler.php 66: <unknown file> <unknown line> calling handleFatalErrors()
[2025.10.02 22:25:19] No config row found.
[2025.10.02 22:25:19] Backtrace from warning 'Trying to access array offset on null' at /www/wwwroot/traviant46.prus.dev/main_script_dev/include/Core/ErrorHandler.php 66: <unknown file> <unknown line> calling handleFatalErrors()
[2025.10.02 22:25:37] No config row found.
[2025.10.02 22:25:37] Backtrace from warning 'Trying to access array offset on null' at /www/wwwroot/traviant46.prus.dev/main_script_dev/include/Core/ErrorHandler.php 66: <unknown file> <unknown line> calling handleFatalErrors()
[2025.10.02 23:02:14] No config row found.
[2025.10.02 23:02:14] Backtrace from warning 'Trying to access array offset on null' at /www/wwwroot/traviant46.prus.dev/main_script_dev/include/Core/ErrorHandler.php 66: <unknown file> <unknown line> calling handleFatalErrors()
[2025.10.02 23:50:54] No config row found.
[2025.10.02 23:50:54] Backtrace from warning 'Trying to access array offset on null' at /www/wwwroot/traviant46.prus.dev/main_script_dev/include/Core/ErrorHandler.php 66: <unknown file> <unknown line> calling handleFatalErrors()
[2025.10.02 23:56:13] No config row found.
[2025.10.02 23:56:13] Backtrace from warning 'Trying to access array offset on null' at /www/wwwroot/traviant46.prus.dev/main_script_dev/include/Core/ErrorHandler.php 66: <unknown file> <unknown line> calling handleFatalErrors()
[2025.10.02 23:59:04] No config row found.
[2025.10.02 23:59:04] Backtrace from warning 'Trying to access array offset on null' at /www/wwwroot/traviant46.prus.dev/main_script_dev/include/Core/ErrorHandler.php 66: <unknown file> <unknown line> calling handleFatalErrors()
[2025.10.03 00:04:38] No config row found.
[2025.10.03 00:04:38] Backtrace from warning 'Trying to access array offset on null' at /www/wwwroot/traviant46.prus.dev/main_script_dev/include/Core/ErrorHandler.php 66: <unknown file> <unknown line> calling handleFatalErrors()
[2025.10.03 00:26:30] No config row found.
[2025.10.03 00:26:30] Backtrace from warning 'Trying to access array offset on null' at /www/wwwroot/traviant46.prus.dev/main_script_dev/include/Core/ErrorHandler.php 66: <unknown file> <unknown line> calling handleFatalErrors()
[2025.10.03 00:29:24] No config row found.
[2025.10.03 00:29:24] Backtrace from warning 'Trying to access array offset on null' at /www/wwwroot/traviant46.prus.dev/main_script_dev/include/Core/ErrorHandler.php 66: <unknown file> <unknown line> calling handleFatalErrors()
[2025.10.03 01:04:24] No config row found.
[2025.10.03 01:04:24] Backtrace from warning 'Trying to access array offset on null' at /www/wwwroot/traviant46.prus.dev/main_script_dev/include/Core/ErrorHandler.php 66: <unknown file> <unknown line> calling handleFatalErrors()
[2025.10.03 01:04:48] No config row found.
[2025.10.03 01:04:48] Backtrace from warning 'Trying to access array offset on null' at /www/wwwroot/traviant46.prus.dev/main_script_dev/include/Core/ErrorHandler.php 66: <unknown file> <unknown line> calling handleFatalErrors()
[2025.10.03 01:04:48] No config row found.
[2025.10.03 01:04:48] Backtrace from warning 'Trying to access array offset on null' at /www/wwwroot/traviant46.prus.dev/main_script_dev/include/Core/ErrorHandler.php 66: <unknown file> <unknown line> calling handleFatalErrors()
[2025.10.03 01:06:30] No config row found.
[2025.10.03 01:06:30] Backtrace from warning 'Trying to access array offset on null' at /www/wwwroot/traviant46.prus.dev/main_script_dev/include/Core/ErrorHandler.php 66: <unknown file> <unknown line> calling handleFatalErrors()
[2025.10.03 01:06:31] No config row found.
[2025.10.03 01:06:31] Backtrace from warning 'Trying to access array offset on null' at /www/wwwroot/traviant46.prus.dev/main_script_dev/include/Core/ErrorHandler.php 66: <unknown file> <unknown line> calling handleFatalErrors()
[2025.10.03 01:29:41] No config row found.
[2025.10.03 01:29:41] Backtrace from warning 'Trying to access array offset on null' at /www/wwwroot/traviant46.prus.dev/main_script_dev/include/Core/ErrorHandler.php 66: <unknown file> <unknown line> calling handleFatalErrors()
[2025.10.03 02:06:20] No config row found.
[2025.10.03 02:06:20] Backtrace from warning 'Trying to access array offset on null' at /www/wwwroot/traviant46.prus.dev/main_script_dev/include/Core/ErrorHandler.php 66: <unknown file> <unknown line> calling handleFatalErrors()
[2025.10.03 02:32:55] No config row found.
[2025.10.03 02:32:55] Backtrace from warning 'Trying to access array offset on null' at /www/wwwroot/traviant46.prus.dev/main_script_dev/include/Core/ErrorHandler.php 66: <unknown file> <unknown line> calling handleFatalErrors()
[2025.10.03 03:08:32] No config row found.
[2025.10.03 03:08:32] Backtrace from warning 'Trying to access array offset on null' at /www/wwwroot/traviant46.prus.dev/main_script_dev/include/Core/ErrorHandler.php 66: <unknown file> <unknown line> calling handleFatalErrors()
[2025.10.03 03:12:46] No config row found.
[2025.10.03 03:12:46] Backtrace from warning 'Trying to access array offset on null' at /www/wwwroot/traviant46.prus.dev/main_script_dev/include/Core/ErrorHandler.php 66: <unknown file> <unknown line> calling handleFatalErrors()
[2025.10.03 03:12:46] No config row found.
[2025.10.03 03:12:46] Backtrace from warning 'Trying to access array offset on null' at /www/wwwroot/traviant46.prus.dev/main_script_dev/include/Core/ErrorHandler.php 66: <unknown file> <unknown line> calling handleFatalErrors()
[2025.10.03 04:08:55] No config row found.
[2025.10.03 04:08:55] Backtrace from warning 'Trying to access array offset on null' at /www/wwwroot/traviant46.prus.dev/main_script_dev/include/Core/ErrorHandler.php 66: <unknown file> <unknown line> calling handleFatalErrors()
[2025.10.03 04:25:40] No config row found.
[2025.10.03 04:25:40] Backtrace from warning 'Trying to access array offset on null' at /www/wwwroot/traviant46.prus.dev/main_script_dev/include/Core/ErrorHandler.php 66: <unknown file> <unknown line> calling handleFatalErrors()
[2025.10.03 05:08:55] No config row found.
[2025.10.03 05:08:55] Backtrace from warning 'Trying to access array offset on null' at /www/wwwroot/traviant46.prus.dev/main_script_dev/include/Core/ErrorHandler.php 66: <unknown file> <unknown line> calling handleFatalErrors()
[2025.10.03 05:39:27] No config row found.
[2025.10.03 05:39:27] Backtrace from warning 'Trying to access array offset on null' at /www/wwwroot/traviant46.prus.dev/main_script_dev/include/Core/ErrorHandler.php 66: <unknown file> <unknown line> calling handleFatalErrors()
[2025.10.03 06:09:02] No config row found.
[2025.10.03 06:09:02] Backtrace from warning 'Trying to access array offset on null' at /www/wwwroot/traviant46.prus.dev/main_script_dev/include/Core/ErrorHandler.php 66: <unknown file> <unknown line> calling handleFatalErrors()
[2025.10.03 07:09:02] No config row found.
[2025.10.03 07:09:02] Backtrace from warning 'Trying to access array offset on null' at /www/wwwroot/traviant46.prus.dev/main_script_dev/include/Core/ErrorHandler.php 66: <unknown file> <unknown line> calling handleFatalErrors()
[2025.10.03 07:39:48] No config row found.
[2025.10.03 07:39:48] Backtrace from warning 'Trying to access array offset on null' at /www/wwwroot/traviant46.prus.dev/main_script_dev/include/Core/ErrorHandler.php 66: <unknown file> <unknown line> calling handleFatalErrors()
[2025.10.03 08:10:46] No config row found.
[2025.10.03 08:10:46] Backtrace from warning 'Trying to access array offset on null' at /www/wwwroot/traviant46.prus.dev/main_script_dev/include/Core/ErrorHandler.php 66: <unknown file> <unknown line> calling handleFatalErrors()
[2025.10.03 08:37:16] No config row found.
[2025.10.03 08:37:16] Backtrace from warning 'Trying to access array offset on null' at /www/wwwroot/traviant46.prus.dev/main_script_dev/include/Core/ErrorHandler.php 66: <unknown file> <unknown line> calling handleFatalErrors()
[2025.10.03 09:10:51] No config row found.
[2025.10.03 09:10:51] Backtrace from warning 'Trying to access array offset on null' at /www/wwwroot/traviant46.prus.dev/main_script_dev/include/Core/ErrorHandler.php 66: <unknown file> <unknown line> calling handleFatalErrors()
[2025.10.03 09:27:25] No config row found.
[2025.10.03 09:27:25] Backtrace from warning 'Trying to access array offset on null' at /www/wwwroot/traviant46.prus.dev/main_script_dev/include/Core/ErrorHandler.php 66: <unknown file> <unknown line> calling handleFatalErrors()
[2025.10.03 09:27:28] No config row found.
[2025.10.03 09:27:28] Backtrace from warning 'Trying to access array offset on null' at /www/wwwroot/traviant46.prus.dev/main_script_dev/include/Core/ErrorHandler.php 66: <unknown file> <unknown line> calling handleFatalErrors()
[2025.10.03 10:12:16] No config row found.
[2025.10.03 10:12:16] Backtrace from warning 'Trying to access array offset on null' at /www/wwwroot/traviant46.prus.dev/main_script_dev/include/Core/ErrorHandler.php 66: <unknown file> <unknown line> calling handleFatalErrors()
[2025.10.03 10:13:29] No config row found.
[2025.10.03 10:13:29] Backtrace from warning 'Trying to access array offset on null' at /www/wwwroot/traviant46.prus.dev/main_script_dev/include/Core/ErrorHandler.php 66: <unknown file> <unknown line> calling handleFatalErrors()
[2025.10.03 10:13:30] No config row found.
[2025.10.03 10:13:30] Backtrace from warning 'Trying to access array offset on null' at /www/wwwroot/traviant46.prus.dev/main_script_dev/include/Core/ErrorHandler.php 66: <unknown file> <unknown line> calling handleFatalErrors()
[2025.10.03 11:13:17] No config row found.
[2025.10.03 11:13:17] Backtrace from warning 'Trying to access array offset on null' at /www/wwwroot/traviant46.prus.dev/main_script_dev/include/Core/ErrorHandler.php 66: <unknown file> <unknown line> calling handleFatalErrors()
[2025.10.03 12:09:01] No config row found.
[2025.10.03 12:09:01] Backtrace from warning 'Trying to access array offset on null' at /www/wwwroot/traviant46.prus.dev/main_script_dev/include/Core/ErrorHandler.php 66: <unknown file> <unknown line> calling handleFatalErrors()
[2025.10.03 12:15:45] No config row found.
[2025.10.03 12:15:45] Backtrace from warning 'Trying to access array offset on null' at /www/wwwroot/traviant46.prus.dev/main_script_dev/include/Core/ErrorHandler.php 66: <unknown file> <unknown line> calling handleFatalErrors()
[2025.10.03 13:13:46] No config row found.
[2025.10.03 13:13:46] Backtrace from warning 'Trying to access array offset on null' at /www/wwwroot/traviant46.prus.dev/main_script_dev/include/Core/ErrorHandler.php 66: <unknown file> <unknown line> calling handleFatalErrors()
[2025.10.03 13:17:35] No config row found.
[2025.10.03 13:17:35] Backtrace from warning 'Trying to access array offset on null' at /www/wwwroot/traviant46.prus.dev/main_script_dev/include/Core/ErrorHandler.php 66: <unknown file> <unknown line> calling handleFatalErrors()
[2025.10.03 14:17:36] No config row found.
[2025.10.03 14:17:36] Backtrace from warning 'Trying to access array offset on null' at /www/wwwroot/traviant46.prus.dev/main_script_dev/include/Core/ErrorHandler.php 66: <unknown file> <unknown line> calling handleFatalErrors()
[2025.10.03 15:17:57] No config row found.
[2025.10.03 15:17:57] Backtrace from warning 'Trying to access array offset on null' at /www/wwwroot/traviant46.prus.dev/main_script_dev/include/Core/ErrorHandler.php 66: <unknown file> <unknown line> calling handleFatalErrors()
[2025.10.03 16:17:52] No config row found.
[2025.10.03 16:17:52] Backtrace from warning 'Trying to access array offset on null' at /www/wwwroot/traviant46.prus.dev/main_script_dev/include/Core/ErrorHandler.php 66: <unknown file> <unknown line> calling handleFatalErrors()
[2025.10.03 17:19:51] No config row found.
[2025.10.03 17:19:51] Backtrace from warning 'Trying to access array offset on null' at /www/wwwroot/traviant46.prus.dev/main_script_dev/include/Core/ErrorHandler.php 66: <unknown file> <unknown line> calling handleFatalErrors()
[2025.10.03 18:20:37] No config row found.
[2025.10.03 18:20:37] Backtrace from warning 'Trying to access array offset on null' at /www/wwwroot/traviant46.prus.dev/main_script_dev/include/Core/ErrorHandler.php 66: <unknown file> <unknown line> calling handleFatalErrors()
[2025.10.03 18:40:14] No config row found.
[2025.10.03 18:40:14] Backtrace from warning 'Trying to access array offset on null' at /www/wwwroot/traviant46.prus.dev/main_script_dev/include/Core/ErrorHandler.php 66: <unknown file> <unknown line> calling handleFatalErrors()
[2025.10.03 18:59:49] No config row found.
[2025.10.03 18:59:49] Backtrace from warning 'Trying to access array offset on null' at /www/wwwroot/traviant46.prus.dev/main_script_dev/include/Core/ErrorHandler.php 66: <unknown file> <unknown line> calling handleFatalErrors()
[2025.10.03 19:18:36] No config row found.
[2025.10.03 19:18:36] Backtrace from warning 'Trying to access array offset on null' at /www/wwwroot/traviant46.prus.dev/main_script_dev/include/Core/ErrorHandler.php 66: <unknown file> <unknown line> calling handleFatalErrors()
[2025.10.03 19:18:38] No config row found.
[2025.10.03 19:18:38] Backtrace from warning 'Trying to access array offset on null' at /www/wwwroot/traviant46.prus.dev/main_script_dev/include/Core/ErrorHandler.php 66: <unknown file> <unknown line> calling handleFatalErrors()
[2025.10.03 19:23:40] No config row found.
[2025.10.03 19:23:40] Backtrace from warning 'Trying to access array offset on null' at /www/wwwroot/traviant46.prus.dev/main_script_dev/include/Core/ErrorHandler.php 66: <unknown file> <unknown line> calling handleFatalErrors()
[2025.10.03 20:02:54] No config row found.
[2025.10.03 20:02:54] Backtrace from warning 'Trying to access array offset on null' at /www/wwwroot/traviant46.prus.dev/main_script_dev/include/Core/ErrorHandler.php 66: <unknown file> <unknown line> calling handleFatalErrors()
[2025.10.03 20:23:13] No config row found.
[2025.10.03 20:23:13] Backtrace from warning 'Trying to access array offset on null' at /www/wwwroot/traviant46.prus.dev/main_script_dev/include/Core/ErrorHandler.php 66: <unknown file> <unknown line> calling handleFatalErrors()
[2025.10.03 20:23:55] No config row found.
[2025.10.03 20:23:55] Backtrace from warning 'Trying to access array offset on null' at /www/wwwroot/traviant46.prus.dev/main_script_dev/include/Core/ErrorHandler.php 66: <unknown file> <unknown line> calling handleFatalErrors()
[2025.10.03 22:25:17] No config row found.
[2025.10.03 22:25:17] Backtrace from warning 'Trying to access array offset on null' at /www/wwwroot/traviant46.prus.dev/main_script_dev/include/Core/ErrorHandler.php 66: <unknown file> <unknown line> calling handleFatalErrors()
[2025.10.03 22:59:33] No config row found.
[2025.10.03 22:59:33] Backtrace from warning 'Trying to access array offset on null' at /www/wwwroot/traviant46.prus.dev/main_script_dev/include/Core/ErrorHandler.php 66: <unknown file> <unknown line> calling handleFatalErrors()
[2025.10.03 23:19:11] No config row found.
[2025.10.03 23:19:11] Backtrace from warning 'Trying to access array offset on null' at /www/wwwroot/traviant46.prus.dev/main_script_dev/include/Core/ErrorHandler.php 66: <unknown file> <unknown line> calling handleFatalErrors()
[2025.10.03 23:25:23] No config row found.
[2025.10.03 23:25:23] Backtrace from warning 'Trying to access array offset on null' at /www/wwwroot/traviant46.prus.dev/main_script_dev/include/Core/ErrorHandler.php 66: <unknown file> <unknown line> calling handleFatalErrors()
[2025.10.04 00:27:11] No config row found.
[2025.10.04 00:27:11] Backtrace from warning 'Trying to access array offset on null' at /www/wwwroot/traviant46.prus.dev/main_script_dev/include/Core/ErrorHandler.php 66: <unknown file> <unknown line> calling handleFatalErrors()
[2025.10.04 01:01:13] No config row found.
[2025.10.04 01:01:13] Backtrace from warning 'Trying to access array offset on null' at /www/wwwroot/traviant46.prus.dev/main_script_dev/include/Core/ErrorHandler.php 66: <unknown file> <unknown line> calling handleFatalErrors()
[2025.10.04 01:28:17] No config row found.
[2025.10.04 01:28:17] Backtrace from warning 'Trying to access array offset on null' at /www/wwwroot/traviant46.prus.dev/main_script_dev/include/Core/ErrorHandler.php 66: <unknown file> <unknown line> calling handleFatalErrors()
[2025.10.04 02:29:04] No config row found.
[2025.10.04 02:29:04] Backtrace from warning 'Trying to access array offset on null' at /www/wwwroot/traviant46.prus.dev/main_script_dev/include/Core/ErrorHandler.php 66: <unknown file> <unknown line> calling handleFatalErrors()
[2025.10.04 03:14:13] No config row found.
[2025.10.04 03:14:13] Backtrace from warning 'Trying to access array offset on null' at /www/wwwroot/traviant46.prus.dev/main_script_dev/include/Core/ErrorHandler.php 66: <unknown file> <unknown line> calling handleFatalErrors()
[2025.10.04 03:30:20] No config row found.
[2025.10.04 03:30:20] Backtrace from warning 'Trying to access array offset on null' at /www/wwwroot/traviant46.prus.dev/main_script_dev/include/Core/ErrorHandler.php 66: <unknown file> <unknown line> calling handleFatalErrors()
[2025.10.04 03:52:31] No config row found.
[2025.10.04 03:52:31] Backtrace from warning 'Trying to access array offset on null' at /www/wwwroot/traviant46.prus.dev/main_script_dev/include/Core/ErrorHandler.php 66: <unknown file> <unknown line> calling handleFatalErrors()
[2025.10.04 04:30:20] No config row found.
[2025.10.04 04:30:20] Backtrace from warning 'Trying to access array offset on null' at /www/wwwroot/traviant46.prus.dev/main_script_dev/include/Core/ErrorHandler.php 66: <unknown file> <unknown line> calling handleFatalErrors()
[2025.10.04 05:32:09] No config row found.
[2025.10.04 05:32:09] Backtrace from warning 'Trying to access array offset on null' at /www/wwwroot/traviant46.prus.dev/main_script_dev/include/Core/ErrorHandler.php 66: <unknown file> <unknown line> calling handleFatalErrors()
[2025.10.04 06:34:03] No config row found.
[2025.10.04 06:34:03] Backtrace from warning 'Trying to access array offset on null' at /www/wwwroot/traviant46.prus.dev/main_script_dev/include/Core/ErrorHandler.php 66: <unknown file> <unknown line> calling handleFatalErrors()
[2025.10.04 07:36:05] No config row found.
[2025.10.04 07:36:05] Backtrace from warning 'Trying to access array offset on null' at /www/wwwroot/traviant46.prus.dev/main_script_dev/include/Core/ErrorHandler.php 66: <unknown file> <unknown line> calling handleFatalErrors()
[2025.10.04 08:37:01] No config row found.
[2025.10.04 08:37:01] Backtrace from warning 'Trying to access array offset on null' at /www/wwwroot/traviant46.prus.dev/main_script_dev/include/Core/ErrorHandler.php 66: <unknown file> <unknown line> calling handleFatalErrors()
[2025.10.04 09:38:43] No config row found.
[2025.10.04 09:38:43] Backtrace from warning 'Trying to access array offset on null' at /www/wwwroot/traviant46.prus.dev/main_script_dev/include/Core/ErrorHandler.php 66: <unknown file> <unknown line> calling handleFatalErrors()
[2025.10.04 10:40:57] No config row found.
[2025.10.04 10:40:57] Backtrace from warning 'Trying to access array offset on null' at /www/wwwroot/traviant46.prus.dev/main_script_dev/include/Core/ErrorHandler.php 66: <unknown file> <unknown line> calling handleFatalErrors()
[2025.10.04 10:58:07] No config row found.
[2025.10.04 10:58:07] Backtrace from warning 'Trying to access array offset on null' at /www/wwwroot/traviant46.prus.dev/main_script_dev/include/Core/ErrorHandler.php 66: <unknown file> <unknown line> calling handleFatalErrors()
[2025.10.04 10:58:49] No config row found.
[2025.10.04 10:58:49] Backtrace from warning 'Trying to access array offset on null' at /www/wwwroot/traviant46.prus.dev/main_script_dev/include/Core/ErrorHandler.php 66: <unknown file> <unknown line> calling handleFatalErrors()
[2025.10.04 11:28:55] No config row found.
[2025.10.04 11:28:55] Backtrace from warning 'Trying to access array offset on null' at /www/wwwroot/traviant46.prus.dev/main_script_dev/include/Core/ErrorHandler.php 66: <unknown file> <unknown line> calling handleFatalErrors()
[2025.10.04 11:43:09] No config row found.
[2025.10.04 11:43:09] Backtrace from warning 'Trying to access array offset on null' at /www/wwwroot/traviant46.prus.dev/main_script_dev/include/Core/ErrorHandler.php 66: <unknown file> <unknown line> calling handleFatalErrors()
[2025.10.04 12:43:14] No config row found.
[2025.10.04 12:43:14] Backtrace from warning 'Trying to access array offset on null' at /www/wwwroot/traviant46.prus.dev/main_script_dev/include/Core/ErrorHandler.php 66: <unknown file> <unknown line> calling handleFatalErrors()
[2025.10.04 13:45:17] No config row found.
[2025.10.04 13:45:17] Backtrace from warning 'Trying to access array offset on null' at /www/wwwroot/traviant46.prus.dev/main_script_dev/include/Core/ErrorHandler.php 66: <unknown file> <unknown line> calling handleFatalErrors()
[2025.10.04 14:10:27] No config row found.
[2025.10.04 14:10:27] Backtrace from warning 'Trying to access array offset on null' at /www/wwwroot/traviant46.prus.dev/main_script_dev/include/Core/ErrorHandler.php 66: <unknown file> <unknown line> calling handleFatalErrors()
[2025.10.04 14:17:07] No config row found.
[2025.10.04 14:17:07] Backtrace from warning 'Trying to access array offset on null' at /www/wwwroot/traviant46.prus.dev/main_script_dev/include/Core/ErrorHandler.php 66: <unknown file> <unknown line> calling handleFatalErrors()
[2025.10.04 14:17:09] No config row found.
[2025.10.04 14:17:09] Backtrace from warning 'Trying to access array offset on null' at /www/wwwroot/traviant46.prus.dev/main_script_dev/include/Core/ErrorHandler.php 66: <unknown file> <unknown line> calling handleFatalErrors()
[2025.10.04 14:45:16] No config row found.
[2025.10.04 14:45:16] Backtrace from warning 'Trying to access array offset on null' at /www/wwwroot/traviant46.prus.dev/main_script_dev/include/Core/ErrorHandler.php 66: <unknown file> <unknown line> calling handleFatalErrors()
[2025.10.04 15:45:41] No config row found.
[2025.10.04 15:45:41] Backtrace from warning 'Trying to access array offset on null' at /www/wwwroot/traviant46.prus.dev/main_script_dev/include/Core/ErrorHandler.php 66: <unknown file> <unknown line> calling handleFatalErrors()
[2025.10.04 16:47:47] No config row found.
[2025.10.04 16:47:47] Backtrace from warning 'Trying to access array offset on null' at /www/wwwroot/traviant46.prus.dev/main_script_dev/include/Core/ErrorHandler.php 66: <unknown file> <unknown line> calling handleFatalErrors()
[2025.10.04 17:48:03] No config row found.
[2025.10.04 17:48:03] Backtrace from warning 'Trying to access array offset on null' at /www/wwwroot/traviant46.prus.dev/main_script_dev/include/Core/ErrorHandler.php 66: <unknown file> <unknown line> calling handleFatalErrors()
[2025.10.04 18:50:09] No config row found.
[2025.10.04 18:50:09] Backtrace from warning 'Trying to access array offset on null' at /www/wwwroot/traviant46.prus.dev/main_script_dev/include/Core/ErrorHandler.php 66: <unknown file> <unknown line> calling handleFatalErrors()
[2025.10.04 19:48:55] No config row found.
[2025.10.04 19:48:55] Backtrace from warning 'Trying to access array offset on null' at /www/wwwroot/traviant46.prus.dev/main_script_dev/include/Core/ErrorHandler.php 66: <unknown file> <unknown line> calling handleFatalErrors()
[2025.10.04 19:50:38] No config row found.
[2025.10.04 19:50:38] Backtrace from warning 'Trying to access array offset on null' at /www/wwwroot/traviant46.prus.dev/main_script_dev/include/Core/ErrorHandler.php 66: <unknown file> <unknown line> calling handleFatalErrors()
[2025.10.04 19:57:18] No config row found.
[2025.10.04 19:57:18] Backtrace from warning 'Trying to access array offset on null' at /www/wwwroot/traviant46.prus.dev/main_script_dev/include/Core/ErrorHandler.php 66: <unknown file> <unknown line> calling handleFatalErrors()
[2025.10.04 20:16:08] No config row found.
[2025.10.04 20:16:08] Backtrace from warning 'Trying to access array offset on null' at /www/wwwroot/traviant46.prus.dev/main_script_dev/include/Core/ErrorHandler.php 66: <unknown file> <unknown line> calling handleFatalErrors()
[2025.10.04 20:52:45] No config row found.
[2025.10.04 20:52:45] Backtrace from warning 'Trying to access array offset on null' at /www/wwwroot/traviant46.prus.dev/main_script_dev/include/Core/ErrorHandler.php 66: <unknown file> <unknown line> calling handleFatalErrors()
[2025.10.04 21:54:41] No config row found.
[2025.10.04 21:54:41] Backtrace from warning 'Trying to access array offset on null' at /www/wwwroot/traviant46.prus.dev/main_script_dev/include/Core/ErrorHandler.php 66: <unknown file> <unknown line> calling handleFatalErrors()
[2025.10.04 22:07:20] No config row found.
[2025.10.04 22:07:20] Backtrace from warning 'Trying to access array offset on null' at /www/wwwroot/traviant46.prus.dev/main_script_dev/include/Core/ErrorHandler.php 66: <unknown file> <unknown line> calling handleFatalErrors()
[2025.10.04 22:16:31] No config row found.
[2025.10.04 22:16:31] Backtrace from warning 'Trying to access array offset on null' at /www/wwwroot/traviant46.prus.dev/main_script_dev/include/Core/ErrorHandler.php 66: <unknown file> <unknown line> calling handleFatalErrors()
[2025.10.04 22:30:24] No config row found.
[2025.10.04 22:30:24] Backtrace from warning 'Trying to access array offset on null' at /www/wwwroot/traviant46.prus.dev/main_script_dev/include/Core/ErrorHandler.php 66: <unknown file> <unknown line> calling handleFatalErrors()
[2025.10.04 22:56:59] No config row found.
[2025.10.04 22:56:59] Backtrace from warning 'Trying to access array offset on null' at /www/wwwroot/traviant46.prus.dev/main_script_dev/include/Core/ErrorHandler.php 66: <unknown file> <unknown line> calling handleFatalErrors()
[2025.10.04 23:57:52] No config row found.
[2025.10.04 23:57:52] Backtrace from warning 'Trying to access array offset on null' at /www/wwwroot/traviant46.prus.dev/main_script_dev/include/Core/ErrorHandler.php 66: <unknown file> <unknown line> calling handleFatalErrors()
[2025.10.05 00:24:41] No config row found.
[2025.10.05 00:24:41] Backtrace from warning 'Trying to access array offset on null' at /www/wwwroot/traviant46.prus.dev/main_script_dev/include/Core/ErrorHandler.php 66: <unknown file> <unknown line> calling handleFatalErrors()
[2025.10.05 00:59:10] No config row found.
[2025.10.05 00:59:10] Backtrace from warning 'Trying to access array offset on null' at /www/wwwroot/traviant46.prus.dev/main_script_dev/include/Core/ErrorHandler.php 66: <unknown file> <unknown line> calling handleFatalErrors()
[2025.10.05 01:55:32] No config row found.
[2025.10.05 01:55:32] Backtrace from warning 'Trying to access array offset on null' at /www/wwwroot/traviant46.prus.dev/main_script_dev/include/Core/ErrorHandler.php 66: <unknown file> <unknown line> calling handleFatalErrors()
[2025.10.05 01:59:09] No config row found.
[2025.10.05 01:59:09] Backtrace from warning 'Trying to access array offset on null' at /www/wwwroot/traviant46.prus.dev/main_script_dev/include/Core/ErrorHandler.php 66: <unknown file> <unknown line> calling handleFatalErrors()
[2025.10.05 03:07:13] No config row found.
[2025.10.05 03:07:13] Backtrace from warning 'Trying to access array offset on null' at /www/wwwroot/traviant46.prus.dev/main_script_dev/include/Core/ErrorHandler.php 66: <unknown file> <unknown line> calling handleFatalErrors()
[2025.10.05 03:59:15] No config row found.
[2025.10.05 03:59:15] Backtrace from warning 'Trying to access array offset on null' at /www/wwwroot/traviant46.prus.dev/main_script_dev/include/Core/ErrorHandler.php 66: <unknown file> <unknown line> calling handleFatalErrors()
[2025.10.05 04:51:24] No config row found.
[2025.10.05 04:51:24] Backtrace from warning 'Trying to access array offset on null' at /www/wwwroot/traviant46.prus.dev/main_script_dev/include/Core/ErrorHandler.php 66: <unknown file> <unknown line> calling handleFatalErrors()
[2025.10.05 05:01:16] No config row found.
[2025.10.05 05:01:16] Backtrace from warning 'Trying to access array offset on null' at /www/wwwroot/traviant46.prus.dev/main_script_dev/include/Core/ErrorHandler.php 66: <unknown file> <unknown line> calling handleFatalErrors()
[2025.10.05 06:01:22] No config row found.
[2025.10.05 06:01:22] Backtrace from warning 'Trying to access array offset on null' at /www/wwwroot/traviant46.prus.dev/main_script_dev/include/Core/ErrorHandler.php 66: <unknown file> <unknown line> calling handleFatalErrors()
[2025.10.05 07:01:33] No config row found.
[2025.10.05 07:01:33] Backtrace from warning 'Trying to access array offset on null' at /www/wwwroot/traviant46.prus.dev/main_script_dev/include/Core/ErrorHandler.php 66: <unknown file> <unknown line> calling handleFatalErrors()
[2025.10.05 08:01:40] No config row found.
[2025.10.05 08:01:40] Backtrace from warning 'Trying to access array offset on null' at /www/wwwroot/traviant46.prus.dev/main_script_dev/include/Core/ErrorHandler.php 66: <unknown file> <unknown line> calling handleFatalErrors()
[2025.10.05 09:03:35] No config row found.
[2025.10.05 09:03:35] Backtrace from warning 'Trying to access array offset on null' at /www/wwwroot/traviant46.prus.dev/main_script_dev/include/Core/ErrorHandler.php 66: <unknown file> <unknown line> calling handleFatalErrors()
[2025.10.05 10:03:35] No config row found.
[2025.10.05 10:03:35] Backtrace from warning 'Trying to access array offset on null' at /www/wwwroot/traviant46.prus.dev/main_script_dev/include/Core/ErrorHandler.php 66: <unknown file> <unknown line> calling handleFatalErrors()
[2025.10.05 11:05:15] No config row found.
[2025.10.05 11:05:15] Backtrace from warning 'Trying to access array offset on null' at /www/wwwroot/traviant46.prus.dev/main_script_dev/include/Core/ErrorHandler.php 66: <unknown file> <unknown line> calling handleFatalErrors()
[2025.10.05 12:06:57] No config row found.
[2025.10.05 12:06:57] Backtrace from warning 'Trying to access array offset on null' at /www/wwwroot/traviant46.prus.dev/main_script_dev/include/Core/ErrorHandler.php 66: <unknown file> <unknown line> calling handleFatalErrors()
[2025.10.05 13:07:01] No config row found.
[2025.10.05 13:07:01] Backtrace from warning 'Trying to access array offset on null' at /www/wwwroot/traviant46.prus.dev/main_script_dev/include/Core/ErrorHandler.php 66: <unknown file> <unknown line> calling handleFatalErrors()
[2025.10.05 14:09:12] No config row found.
[2025.10.05 14:09:12] Backtrace from warning 'Trying to access array offset on null' at /www/wwwroot/traviant46.prus.dev/main_script_dev/include/Core/ErrorHandler.php 66: <unknown file> <unknown line> calling handleFatalErrors()
[2025.10.05 15:10:38] No config row found.
[2025.10.05 15:10:38] Backtrace from warning 'Trying to access array offset on null' at /www/wwwroot/traviant46.prus.dev/main_script_dev/include/Core/ErrorHandler.php 66: <unknown file> <unknown line> calling handleFatalErrors()
[2025.10.05 15:11:08] No config row found.
[2025.10.05 15:11:08] Backtrace from warning 'Trying to access array offset on null' at /www/wwwroot/traviant46.prus.dev/main_script_dev/include/Core/ErrorHandler.php 66: <unknown file> <unknown line> calling handleFatalErrors()
[2025.10.05 16:13:15] No config row found.
[2025.10.05 16:13:15] Backtrace from warning 'Trying to access array offset on null' at /www/wwwroot/traviant46.prus.dev/main_script_dev/include/Core/ErrorHandler.php 66: <unknown file> <unknown line> calling handleFatalErrors()
[2025.10.05 17:16:02] No config row found.
[2025.10.05 17:16:02] Backtrace from warning 'Trying to access array offset on null' at /www/wwwroot/traviant46.prus.dev/main_script_dev/include/Core/ErrorHandler.php 66: <unknown file> <unknown line> calling handleFatalErrors()
[2025.10.05 18:15:57] No config row found.
[2025.10.05 18:15:57] Backtrace from warning 'Trying to access array offset on null' at /www/wwwroot/traviant46.prus.dev/main_script_dev/include/Core/ErrorHandler.php 66: <unknown file> <unknown line> calling handleFatalErrors()
[2025.10.05 19:18:08] No config row found.
[2025.10.05 19:18:08] Backtrace from warning 'Trying to access array offset on null' at /www/wwwroot/traviant46.prus.dev/main_script_dev/include/Core/ErrorHandler.php 66: <unknown file> <unknown line> calling handleFatalErrors()
[2025.10.05 20:04:11] No config row found.
[2025.10.05 20:04:11] Backtrace from warning 'Trying to access array offset on null' at /www/wwwroot/traviant46.prus.dev/main_script_dev/include/Core/ErrorHandler.php 66: <unknown file> <unknown line> calling handleFatalErrors()
[2025.10.05 20:20:08] No config row found.
[2025.10.05 20:20:08] Backtrace from warning 'Trying to access array offset on null' at /www/wwwroot/traviant46.prus.dev/main_script_dev/include/Core/ErrorHandler.php 66: <unknown file> <unknown line> calling handleFatalErrors()
[2025.10.05 21:22:03] No config row found.
[2025.10.05 21:22:03] Backtrace from warning 'Trying to access array offset on null' at /www/wwwroot/traviant46.prus.dev/main_script_dev/include/Core/ErrorHandler.php 66: <unknown file> <unknown line> calling handleFatalErrors()
[2025.10.05 22:24:18] No config row found.
[2025.10.05 22:24:18] Backtrace from warning 'Trying to access array offset on null' at /www/wwwroot/traviant46.prus.dev/main_script_dev/include/Core/ErrorHandler.php 66: <unknown file> <unknown line> calling handleFatalErrors()
[2025.10.05 23:25:05] No config row found.
[2025.10.05 23:25:05] Backtrace from warning 'Trying to access array offset on null' at /www/wwwroot/traviant46.prus.dev/main_script_dev/include/Core/ErrorHandler.php 66: <unknown file> <unknown line> calling handleFatalErrors()
[2025.10.06 00:26:48] No config row found.
[2025.10.06 00:26:48] Backtrace from warning 'Trying to access array offset on null' at /www/wwwroot/traviant46.prus.dev/main_script_dev/include/Core/ErrorHandler.php 66: <unknown file> <unknown line> calling handleFatalErrors()
[2025.10.06 01:29:06] No config row found.
[2025.10.06 01:29:06] Backtrace from warning 'Trying to access array offset on null' at /www/wwwroot/traviant46.prus.dev/main_script_dev/include/Core/ErrorHandler.php 66: <unknown file> <unknown line> calling handleFatalErrors()
[2025.10.06 02:31:05] No config row found.
[2025.10.06 02:31:05] Backtrace from warning 'Trying to access array offset on null' at /www/wwwroot/traviant46.prus.dev/main_script_dev/include/Core/ErrorHandler.php 66: <unknown file> <unknown line> calling handleFatalErrors()
[2025.10.06 03:31:38] No config row found.
[2025.10.06 03:31:38] Backtrace from warning 'Trying to access array offset on null' at /www/wwwroot/traviant46.prus.dev/main_script_dev/include/Core/ErrorHandler.php 66: <unknown file> <unknown line> calling handleFatalErrors()
[2025.10.06 04:32:55] No config row found.
[2025.10.06 04:32:55] Backtrace from warning 'Trying to access array offset on null' at /www/wwwroot/traviant46.prus.dev/main_script_dev/include/Core/ErrorHandler.php 66: <unknown file> <unknown line> calling handleFatalErrors()
[2025.10.06 05:34:11] No config row found.
[2025.10.06 05:34:11] Backtrace from warning 'Trying to access array offset on null' at /www/wwwroot/traviant46.prus.dev/main_script_dev/include/Core/ErrorHandler.php 66: <unknown file> <unknown line> calling handleFatalErrors()
[2025.10.06 06:35:30] No config row found.
[2025.10.06 06:35:30] Backtrace from warning 'Trying to access array offset on null' at /www/wwwroot/traviant46.prus.dev/main_script_dev/include/Core/ErrorHandler.php 66: <unknown file> <unknown line> calling handleFatalErrors()
[2025.10.06 07:36:48] No config row found.
[2025.10.06 07:36:48] Backtrace from warning 'Trying to access array offset on null' at /www/wwwroot/traviant46.prus.dev/main_script_dev/include/Core/ErrorHandler.php 66: <unknown file> <unknown line> calling handleFatalErrors()
[2025.10.06 08:38:10] No config row found.
[2025.10.06 08:38:10] Backtrace from warning 'Trying to access array offset on null' at /www/wwwroot/traviant46.prus.dev/main_script_dev/include/Core/ErrorHandler.php 66: <unknown file> <unknown line> calling handleFatalErrors()
[2025.10.06 09:39:28] No config row found.
[2025.10.06 09:39:28] Backtrace from warning 'Trying to access array offset on null' at /www/wwwroot/traviant46.prus.dev/main_script_dev/include/Core/ErrorHandler.php 66: <unknown file> <unknown line> calling handleFatalErrors()
[2025.10.06 10:40:46] No config row found.
[2025.10.06 10:40:46] Backtrace from warning 'Trying to access array offset on null' at /www/wwwroot/traviant46.prus.dev/main_script_dev/include/Core/ErrorHandler.php 66: <unknown file> <unknown line> calling handleFatalErrors()
[2025.10.06 11:42:08] No config row found.
[2025.10.06 11:42:08] Backtrace from warning 'Trying to access array offset on null' at /www/wwwroot/traviant46.prus.dev/main_script_dev/include/Core/ErrorHandler.php 66: <unknown file> <unknown line> calling handleFatalErrors()
[2025.10.06 12:43:22] No config row found.
[2025.10.06 12:43:22] Backtrace from warning 'Trying to access array offset on null' at /www/wwwroot/traviant46.prus.dev/main_script_dev/include/Core/ErrorHandler.php 66: <unknown file> <unknown line> calling handleFatalErrors()
[2025.10.06 13:44:38] No config row found.
[2025.10.06 13:44:38] Backtrace from warning 'Trying to access array offset on null' at /www/wwwroot/traviant46.prus.dev/main_script_dev/include/Core/ErrorHandler.php 66: <unknown file> <unknown line> calling handleFatalErrors()
[2025.10.06 14:46:02] No config row found.
[2025.10.06 14:46:02] Backtrace from warning 'Trying to access array offset on null' at /www/wwwroot/traviant46.prus.dev/main_script_dev/include/Core/ErrorHandler.php 66: <unknown file> <unknown line> calling handleFatalErrors()
[2025.10.06 15:11:51] No config row found.
[2025.10.06 15:11:51] Backtrace from warning 'Trying to access array offset on null' at /www/wwwroot/traviant46.prus.dev/main_script_dev/include/Core/ErrorHandler.php 66: <unknown file> <unknown line> calling handleFatalErrors()
[2025.10.06 15:47:16] No config row found.
[2025.10.06 15:47:16] Backtrace from warning 'Trying to access array offset on null' at /www/wwwroot/traviant46.prus.dev/main_script_dev/include/Core/ErrorHandler.php 66: <unknown file> <unknown line> calling handleFatalErrors()
[2025.10.06 16:48:35] No config row found.
[2025.10.06 16:48:35] Backtrace from warning 'Trying to access array offset on null' at /www/wwwroot/traviant46.prus.dev/main_script_dev/include/Core/ErrorHandler.php 66: <unknown file> <unknown line> calling handleFatalErrors()
[2025.10.06 17:50:14] No config row found.
[2025.10.06 17:50:14] Backtrace from warning 'Trying to access array offset on null' at /www/wwwroot/traviant46.prus.dev/main_script_dev/include/Core/ErrorHandler.php 66: <unknown file> <unknown line> calling handleFatalErrors()
[2025.10.06 18:51:16] No config row found.
[2025.10.06 18:51:16] Backtrace from warning 'Trying to access array offset on null' at /www/wwwroot/traviant46.prus.dev/main_script_dev/include/Core/ErrorHandler.php 66: <unknown file> <unknown line> calling handleFatalErrors()
[2025.10.06 19:52:31] No config row found.
[2025.10.06 19:52:31] Backtrace from warning 'Trying to access array offset on null' at /www/wwwroot/traviant46.prus.dev/main_script_dev/include/Core/ErrorHandler.php 66: <unknown file> <unknown line> calling handleFatalErrors()
[2025.10.06 20:53:53] No config row found.
[2025.10.06 20:53:53] Backtrace from warning 'Trying to access array offset on null' at /www/wwwroot/traviant46.prus.dev/main_script_dev/include/Core/ErrorHandler.php 66: <unknown file> <unknown line> calling handleFatalErrors()
[2025.10.06 21:22:45] No config row found.
[2025.10.06 21:22:45] Backtrace from warning 'Trying to access array offset on null' at /www/wwwroot/traviant46.prus.dev/main_script_dev/include/Core/ErrorHandler.php 66: <unknown file> <unknown line> calling handleFatalErrors()
[2025.10.06 21:49:20] No config row found.
[2025.10.06 21:49:20] Backtrace from warning 'Trying to access array offset on null' at /www/wwwroot/traviant46.prus.dev/main_script_dev/include/Core/ErrorHandler.php 66: <unknown file> <unknown line> calling handleFatalErrors()
[2025.10.06 21:55:14] No config row found.
[2025.10.06 21:55:14] Backtrace from warning 'Trying to access array offset on null' at /www/wwwroot/traviant46.prus.dev/main_script_dev/include/Core/ErrorHandler.php 66: <unknown file> <unknown line> calling handleFatalErrors()
[2025.10.06 22:56:35] No config row found.
[2025.10.06 22:56:35] Backtrace from warning 'Trying to access array offset on null' at /www/wwwroot/traviant46.prus.dev/main_script_dev/include/Core/ErrorHandler.php 66: <unknown file> <unknown line> calling handleFatalErrors()
[2025.10.06 23:57:51] No config row found.
[2025.10.06 23:57:51] Backtrace from warning 'Trying to access array offset on null' at /www/wwwroot/traviant46.prus.dev/main_script_dev/include/Core/ErrorHandler.php 66: <unknown file> <unknown line> calling handleFatalErrors()
[2025.10.07 00:08:34] No config row found.
[2025.10.07 00:08:34] Backtrace from warning 'Trying to access array offset on null' at /www/wwwroot/traviant46.prus.dev/main_script_dev/include/Core/ErrorHandler.php 66: <unknown file> <unknown line> calling handleFatalErrors()
[2025.10.07 00:17:49] No config row found.
[2025.10.07 00:17:49] Backtrace from warning 'Trying to access array offset on null' at /www/wwwroot/traviant46.prus.dev/main_script_dev/include/Core/ErrorHandler.php 66: <unknown file> <unknown line> calling handleFatalErrors()
[2025.10.07 00:44:00] No config row found.
[2025.10.07 00:44:00] Backtrace from warning 'Trying to access array offset on null' at /www/wwwroot/traviant46.prus.dev/main_script_dev/include/Core/ErrorHandler.php 66: <unknown file> <unknown line> calling handleFatalErrors()
[2025.10.07 00:59:14] No config row found.
[2025.10.07 00:59:14] Backtrace from warning 'Trying to access array offset on null' at /www/wwwroot/traviant46.prus.dev/main_script_dev/include/Core/ErrorHandler.php 66: <unknown file> <unknown line> calling handleFatalErrors()
[2025.10.07 02:00:32] No config row found.
[2025.10.07 02:00:32] Backtrace from warning 'Trying to access array offset on null' at /www/wwwroot/traviant46.prus.dev/main_script_dev/include/Core/ErrorHandler.php 66: <unknown file> <unknown line> calling handleFatalErrors()
[2025.10.07 03:01:49] No config row found.
[2025.10.07 03:01:49] Backtrace from warning 'Trying to access array offset on null' at /www/wwwroot/traviant46.prus.dev/main_script_dev/include/Core/ErrorHandler.php 66: <unknown file> <unknown line> calling handleFatalErrors()
[2025.10.07 04:03:07] No config row found.
[2025.10.07 04:03:07] Backtrace from warning 'Trying to access array offset on null' at /www/wwwroot/traviant46.prus.dev/main_script_dev/include/Core/ErrorHandler.php 66: <unknown file> <unknown line> calling handleFatalErrors()
[2025.10.07 05:04:26] No config row found.
[2025.10.07 05:04:26] Backtrace from warning 'Trying to access array offset on null' at /www/wwwroot/traviant46.prus.dev/main_script_dev/include/Core/ErrorHandler.php 66: <unknown file> <unknown line> calling handleFatalErrors()
[2025.10.07 06:05:48] No config row found.
[2025.10.07 06:05:48] Backtrace from warning 'Trying to access array offset on null' at /www/wwwroot/traviant46.prus.dev/main_script_dev/include/Core/ErrorHandler.php 66: <unknown file> <unknown line> calling handleFatalErrors()
[2025.10.07 07:07:12] No config row found.
[2025.10.07 07:07:12] Backtrace from warning 'Trying to access array offset on null' at /www/wwwroot/traviant46.prus.dev/main_script_dev/include/Core/ErrorHandler.php 66: <unknown file> <unknown line> calling handleFatalErrors()
[2025.10.07 08:08:25] No config row found.
[2025.10.07 08:08:25] Backtrace from warning 'Trying to access array offset on null' at /www/wwwroot/traviant46.prus.dev/main_script_dev/include/Core/ErrorHandler.php 66: <unknown file> <unknown line> calling handleFatalErrors()
[2025.10.07 09:09:43] No config row found.
[2025.10.07 09:09:43] Backtrace from warning 'Trying to access array offset on null' at /www/wwwroot/traviant46.prus.dev/main_script_dev/include/Core/ErrorHandler.php 66: <unknown file> <unknown line> calling handleFatalErrors()
[2025.10.07 10:11:02] No config row found.
[2025.10.07 10:11:02] Backtrace from warning 'Trying to access array offset on null' at /www/wwwroot/traviant46.prus.dev/main_script_dev/include/Core/ErrorHandler.php 66: <unknown file> <unknown line> calling handleFatalErrors()
[2025.10.07 11:12:19] No config row found.
[2025.10.07 11:12:19] Backtrace from warning 'Trying to access array offset on null' at /www/wwwroot/traviant46.prus.dev/main_script_dev/include/Core/ErrorHandler.php 66: <unknown file> <unknown line> calling handleFatalErrors()
[2025.10.07 12:13:22] No config row found.
[2025.10.07 12:13:22] Backtrace from warning 'Trying to access array offset on null' at /www/wwwroot/traviant46.prus.dev/main_script_dev/include/Core/ErrorHandler.php 66: <unknown file> <unknown line> calling handleFatalErrors()
[2025.10.07 12:47:09] No config row found.
[2025.10.07 12:47:09] Backtrace from warning 'Trying to access array offset on null' at /www/wwwroot/traviant46.prus.dev/main_script_dev/include/Core/ErrorHandler.php 66: <unknown file> <unknown line> calling handleFatalErrors()
[2025.10.07 12:49:59] No config row found.
[2025.10.07 12:49:59] Backtrace from warning 'Trying to access array offset on null' at /www/wwwroot/traviant46.prus.dev/main_script_dev/include/Core/ErrorHandler.php 66: <unknown file> <unknown line> calling handleFatalErrors()
[2025.10.07 13:14:41] No config row found.
[2025.10.07 13:14:41] Backtrace from warning 'Trying to access array offset on null' at /www/wwwroot/traviant46.prus.dev/main_script_dev/include/Core/ErrorHandler.php 66: <unknown file> <unknown line> calling handleFatalErrors()
[2025.10.07 14:16:00] No config row found.
[2025.10.07 14:16:00] Backtrace from warning 'Trying to access array offset on null' at /www/wwwroot/traviant46.prus.dev/main_script_dev/include/Core/ErrorHandler.php 66: <unknown file> <unknown line> calling handleFatalErrors()
[2025.10.07 15:17:22] No config row found.
[2025.10.07 15:17:22] Backtrace from warning 'Trying to access array offset on null' at /www/wwwroot/traviant46.prus.dev/main_script_dev/include/Core/ErrorHandler.php 66: <unknown file> <unknown line> calling handleFatalErrors()
[2025.10.07 16:16:47] No config row found.
[2025.10.07 16:16:47] Backtrace from warning 'Trying to access array offset on null' at /www/wwwroot/traviant46.prus.dev/main_script_dev/include/Core/ErrorHandler.php 66: <unknown file> <unknown line> calling handleFatalErrors()
[2025.10.07 16:18:36] No config row found.
[2025.10.07 16:18:36] Backtrace from warning 'Trying to access array offset on null' at /www/wwwroot/traviant46.prus.dev/main_script_dev/include/Core/ErrorHandler.php 66: <unknown file> <unknown line> calling handleFatalErrors()
[2025.10.07 17:19:53] No config row found.
[2025.10.07 17:19:53] Backtrace from warning 'Trying to access array offset on null' at /www/wwwroot/traviant46.prus.dev/main_script_dev/include/Core/ErrorHandler.php 66: <unknown file> <unknown line> calling handleFatalErrors()
[2025.10.07 18:21:32] No config row found.
[2025.10.07 18:21:32] Backtrace from warning 'Trying to access array offset on null' at /www/wwwroot/traviant46.prus.dev/main_script_dev/include/Core/ErrorHandler.php 66: <unknown file> <unknown line> calling handleFatalErrors()
[2025.10.07 19:22:32] No config row found.
[2025.10.07 19:22:32] Backtrace from warning 'Trying to access array offset on null' at /www/wwwroot/traviant46.prus.dev/main_script_dev/include/Core/ErrorHandler.php 66: <unknown file> <unknown line> calling handleFatalErrors()
[2025.10.07 20:23:48] No config row found.
[2025.10.07 20:23:48] Backtrace from warning 'Trying to access array offset on null' at /www/wwwroot/traviant46.prus.dev/main_script_dev/include/Core/ErrorHandler.php 66: <unknown file> <unknown line> calling handleFatalErrors()
[2025.10.07 21:25:05] No config row found.
[2025.10.07 21:25:05] Backtrace from warning 'Trying to access array offset on null' at /www/wwwroot/traviant46.prus.dev/main_script_dev/include/Core/ErrorHandler.php 66: <unknown file> <unknown line> calling handleFatalErrors()
[2025.10.07 22:26:24] No config row found.
[2025.10.07 22:26:24] Backtrace from warning 'Trying to access array offset on null' at /www/wwwroot/traviant46.prus.dev/main_script_dev/include/Core/ErrorHandler.php 66: <unknown file> <unknown line> calling handleFatalErrors()
[2025.10.07 23:27:37] No config row found.
[2025.10.07 23:27:37] Backtrace from warning 'Trying to access array offset on null' at /www/wwwroot/traviant46.prus.dev/main_script_dev/include/Core/ErrorHandler.php 66: <unknown file> <unknown line> calling handleFatalErrors()
[2025.10.08 00:09:52] No config row found.
[2025.10.08 00:09:52] Backtrace from warning 'Trying to access array offset on null' at /www/wwwroot/traviant46.prus.dev/main_script_dev/include/Core/ErrorHandler.php 66: <unknown file> <unknown line> calling handleFatalErrors()
[2025.10.08 00:28:55] No config row found.
[2025.10.08 00:28:55] Backtrace from warning 'Trying to access array offset on null' at /www/wwwroot/traviant46.prus.dev/main_script_dev/include/Core/ErrorHandler.php 66: <unknown file> <unknown line> calling handleFatalErrors()
[2025.10.08 01:30:09] No config row found.
[2025.10.08 01:30:09] Backtrace from warning 'Trying to access array offset on null' at /www/wwwroot/traviant46.prus.dev/main_script_dev/include/Core/ErrorHandler.php 66: <unknown file> <unknown line> calling handleFatalErrors()
[2025.10.08 02:31:26] No config row found.
[2025.10.08 02:31:26] Backtrace from warning 'Trying to access array offset on null' at /www/wwwroot/traviant46.prus.dev/main_script_dev/include/Core/ErrorHandler.php 66: <unknown file> <unknown line> calling handleFatalErrors()
[2025.10.08 03:32:47] No config row found.
[2025.10.08 03:32:47] Backtrace from warning 'Trying to access array offset on null' at /www/wwwroot/traviant46.prus.dev/main_script_dev/include/Core/ErrorHandler.php 66: <unknown file> <unknown line> calling handleFatalErrors()
[2025.10.08 04:34:02] No config row found.
[2025.10.08 04:34:02] Backtrace from warning 'Trying to access array offset on null' at /www/wwwroot/traviant46.prus.dev/main_script_dev/include/Core/ErrorHandler.php 66: <unknown file> <unknown line> calling handleFatalErrors()
[2025.10.08 05:26:02] No config row found.
[2025.10.08 05:26:02] Backtrace from warning 'Trying to access array offset on null' at /www/wwwroot/traviant46.prus.dev/main_script_dev/include/Core/ErrorHandler.php 66: <unknown file> <unknown line> calling handleFatalErrors()
[2025.10.08 05:26:04] No config row found.
[2025.10.08 05:26:04] Backtrace from warning 'Trying to access array offset on null' at /www/wwwroot/traviant46.prus.dev/main_script_dev/include/Core/ErrorHandler.php 66: <unknown file> <unknown line> calling handleFatalErrors()
[2025.10.08 05:26:04] No config row found.
[2025.10.08 05:26:04] Backtrace from warning 'Trying to access array offset on null' at /www/wwwroot/traviant46.prus.dev/main_script_dev/include/Core/ErrorHandler.php 66: <unknown file> <unknown line> calling handleFatalErrors()
[2025.10.08 05:26:04] No config row found.
[2025.10.08 05:26:04] Backtrace from warning 'Trying to access array offset on null' at /www/wwwroot/traviant46.prus.dev/main_script_dev/include/Core/ErrorHandler.php 66: <unknown file> <unknown line> calling handleFatalErrors()
[2025.10.08 05:26:04] No config row found.
[2025.10.08 05:26:04] No config row found.
[2025.10.08 05:26:04] Backtrace from warning 'Trying to access array offset on null' at /www/wwwroot/traviant46.prus.dev/main_script_dev/include/Core/ErrorHandler.php 66: <unknown file> <unknown line> calling handleFatalErrors()
[2025.10.08 05:26:04] Backtrace from warning 'Trying to access array offset on null' at /www/wwwroot/traviant46.prus.dev/main_script_dev/include/Core/ErrorHandler.php 66: <unknown file> <unknown line> calling handleFatalErrors()
[2025.10.08 05:26:05] No config row found.
[2025.10.08 05:26:05] Backtrace from warning 'Trying to access array offset on null' at /www/wwwroot/traviant46.prus.dev/main_script_dev/include/Core/ErrorHandler.php 66: <unknown file> <unknown line> calling handleFatalErrors()
[2025.10.08 05:26:05] No config row found.
[2025.10.08 05:26:05] Backtrace from warning 'Trying to access array offset on null' at /www/wwwroot/traviant46.prus.dev/main_script_dev/include/Core/ErrorHandler.php 66: <unknown file> <unknown line> calling handleFatalErrors()
[2025.10.08 05:26:05] No config row found.
[2025.10.08 05:26:05] Backtrace from warning 'Trying to access array offset on null' at /www/wwwroot/traviant46.prus.dev/main_script_dev/include/Core/ErrorHandler.php 66: <unknown file> <unknown line> calling handleFatalErrors()
[2025.10.08 05:26:05] No config row found.
[2025.10.08 05:26:05] Backtrace from warning 'Trying to access array offset on null' at /www/wwwroot/traviant46.prus.dev/main_script_dev/include/Core/ErrorHandler.php 66: <unknown file> <unknown line> calling handleFatalErrors()
[2025.10.08 05:26:05] No config row found.
[2025.10.08 05:26:05] Backtrace from warning 'Trying to access array offset on null' at /www/wwwroot/traviant46.prus.dev/main_script_dev/include/Core/ErrorHandler.php 66: <unknown file> <unknown line> calling handleFatalErrors()
[2025.10.08 05:35:22] No config row found.
[2025.10.08 05:35:22] Backtrace from warning 'Trying to access array offset on null' at /www/wwwroot/traviant46.prus.dev/main_script_dev/include/Core/ErrorHandler.php 66: <unknown file> <unknown line> calling handleFatalErrors()
[2025.10.08 06:00:50] No config row found.
[2025.10.08 06:00:50] Backtrace from warning 'Trying to access array offset on null' at /www/wwwroot/traviant46.prus.dev/main_script_dev/include/Core/ErrorHandler.php 66: <unknown file> <unknown line> calling handleFatalErrors()
[2025.10.08 06:00:52] No config row found.
[2025.10.08 06:00:52] Backtrace from warning 'Trying to access array offset on null' at /www/wwwroot/traviant46.prus.dev/main_script_dev/include/Core/ErrorHandler.php 66: <unknown file> <unknown line> calling handleFatalErrors()
[2025.10.08 06:00:52] No config row found.
[2025.10.08 06:00:52] Backtrace from warning 'Trying to access array offset on null' at /www/wwwroot/traviant46.prus.dev/main_script_dev/include/Core/ErrorHandler.php 66: <unknown file> <unknown line> calling handleFatalErrors()
[2025.10.08 06:00:52] No config row found.
[2025.10.08 06:00:52] Backtrace from warning 'Trying to access array offset on null' at /www/wwwroot/traviant46.prus.dev/main_script_dev/include/Core/ErrorHandler.php 66: <unknown file> <unknown line> calling handleFatalErrors()
[2025.10.08 06:00:52] No config row found.
[2025.10.08 06:00:52] Backtrace from warning 'Trying to access array offset on null' at /www/wwwroot/traviant46.prus.dev/main_script_dev/include/Core/ErrorHandler.php 66: <unknown file> <unknown line> calling handleFatalErrors()
[2025.10.08 06:00:52] No config row found.
[2025.10.08 06:00:52] Backtrace from warning 'Trying to access array offset on null' at /www/wwwroot/traviant46.prus.dev/main_script_dev/include/Core/ErrorHandler.php 66: <unknown file> <unknown line> calling handleFatalErrors()
[2025.10.08 06:00:52] No config row found.
[2025.10.08 06:00:52] Backtrace from warning 'Trying to access array offset on null' at /www/wwwroot/traviant46.prus.dev/main_script_dev/include/Core/ErrorHandler.php 66: <unknown file> <unknown line> calling handleFatalErrors()
[2025.10.08 06:00:52] No config row found.
[2025.10.08 06:00:52] Backtrace from warning 'Trying to access array offset on null' at /www/wwwroot/traviant46.prus.dev/main_script_dev/include/Core/ErrorHandler.php 66: <unknown file> <unknown line> calling handleFatalErrors()
[2025.10.08 06:00:52] No config row found.
[2025.10.08 06:00:52] Backtrace from warning 'Trying to access array offset on null' at /www/wwwroot/traviant46.prus.dev/main_script_dev/include/Core/ErrorHandler.php 66: <unknown file> <unknown line> calling handleFatalErrors()
[2025.10.08 06:00:52] No config row found.
[2025.10.08 06:00:52] Backtrace from warning 'Trying to access array offset on null' at /www/wwwroot/traviant46.prus.dev/main_script_dev/include/Core/ErrorHandler.php 66: <unknown file> <unknown line> calling handleFatalErrors()
[2025.10.08 06:00:52] No config row found.
[2025.10.08 06:00:52] Backtrace from warning 'Trying to access array offset on null' at /www/wwwroot/traviant46.prus.dev/main_script_dev/include/Core/ErrorHandler.php 66: <unknown file> <unknown line> calling handleFatalErrors()
[2025.10.08 06:36:43] No config row found.
[2025.10.08 06:36:43] Backtrace from warning 'Trying to access array offset on null' at /www/wwwroot/traviant46.prus.dev/main_script_dev/include/Core/ErrorHandler.php 66: <unknown file> <unknown line> calling handleFatalErrors()
[2025.10.08 07:38:07] No config row found.
[2025.10.08 07:38:07] Backtrace from warning 'Trying to access array offset on null' at /www/wwwroot/traviant46.prus.dev/main_script_dev/include/Core/ErrorHandler.php 66: <unknown file> <unknown line> calling handleFatalErrors()
[2025.10.08 08:39:21] No config row found.
[2025.10.08 08:39:21] Backtrace from warning 'Trying to access array offset on null' at /www/wwwroot/traviant46.prus.dev/main_script_dev/include/Core/ErrorHandler.php 66: <unknown file> <unknown line> calling handleFatalErrors()
[2025.10.08 09:40:40] No config row found.
[2025.10.08 09:40:40] Backtrace from warning 'Trying to access array offset on null' at /www/wwwroot/traviant46.prus.dev/main_script_dev/include/Core/ErrorHandler.php 66: <unknown file> <unknown line> calling handleFatalErrors()
[2025.10.08 10:41:58] No config row found.
[2025.10.08 10:41:58] Backtrace from warning 'Trying to access array offset on null' at /www/wwwroot/traviant46.prus.dev/main_script_dev/include/Core/ErrorHandler.php 66: <unknown file> <unknown line> calling handleFatalErrors()
[2025.10.08 11:43:17] No config row found.
[2025.10.08 11:43:17] Backtrace from warning 'Trying to access array offset on null' at /www/wwwroot/traviant46.prus.dev/main_script_dev/include/Core/ErrorHandler.php 66: <unknown file> <unknown line> calling handleFatalErrors()
[2025.10.08 12:44:33] No config row found.
[2025.10.08 12:44:33] Backtrace from warning 'Trying to access array offset on null' at /www/wwwroot/traviant46.prus.dev/main_script_dev/include/Core/ErrorHandler.php 66: <unknown file> <unknown line> calling handleFatalErrors()
[2025.10.08 13:45:53] No config row found.
[2025.10.08 13:45:53] Backtrace from warning 'Trying to access array offset on null' at /www/wwwroot/traviant46.prus.dev/main_script_dev/include/Core/ErrorHandler.php 66: <unknown file> <unknown line> calling handleFatalErrors()
[2025.10.08 14:47:10] No config row found.
[2025.10.08 14:47:10] Backtrace from warning 'Trying to access array offset on null' at /www/wwwroot/traviant46.prus.dev/main_script_dev/include/Core/ErrorHandler.php 66: <unknown file> <unknown line> calling handleFatalErrors()
[2025.10.08 15:48:32] No config row found.
[2025.10.08 15:48:32] Backtrace from warning 'Trying to access array offset on null' at /www/wwwroot/traviant46.prus.dev/main_script_dev/include/Core/ErrorHandler.php 66: <unknown file> <unknown line> calling handleFatalErrors()
[2025.10.08 16:49:43] No config row found.
[2025.10.08 16:49:43] Backtrace from warning 'Trying to access array offset on null' at /www/wwwroot/traviant46.prus.dev/main_script_dev/include/Core/ErrorHandler.php 66: <unknown file> <unknown line> calling handleFatalErrors()
[2025.10.08 17:51:02] No config row found.
[2025.10.08 17:51:02] Backtrace from warning 'Trying to access array offset on null' at /www/wwwroot/traviant46.prus.dev/main_script_dev/include/Core/ErrorHandler.php 66: <unknown file> <unknown line> calling handleFatalErrors()
[2025.10.08 18:52:45] No config row found.
[2025.10.08 18:52:45] Backtrace from warning 'Trying to access array offset on null' at /www/wwwroot/traviant46.prus.dev/main_script_dev/include/Core/ErrorHandler.php 66: <unknown file> <unknown line> calling handleFatalErrors()
[2025.10.08 19:53:44] No config row found.
[2025.10.08 19:53:44] Backtrace from warning 'Trying to access array offset on null' at /www/wwwroot/traviant46.prus.dev/main_script_dev/include/Core/ErrorHandler.php 66: <unknown file> <unknown line> calling handleFatalErrors()
[2025.10.08 20:55:02] No config row found.
[2025.10.08 20:55:02] Backtrace from warning 'Trying to access array offset on null' at /www/wwwroot/traviant46.prus.dev/main_script_dev/include/Core/ErrorHandler.php 66: <unknown file> <unknown line> calling handleFatalErrors()
[2025.10.08 21:56:22] No config row found.
[2025.10.08 21:56:22] Backtrace from warning 'Trying to access array offset on null' at /www/wwwroot/traviant46.prus.dev/main_script_dev/include/Core/ErrorHandler.php 66: <unknown file> <unknown line> calling handleFatalErrors()
[2025.10.08 22:57:42] No config row found.
[2025.10.08 22:57:42] Backtrace from warning 'Trying to access array offset on null' at /www/wwwroot/traviant46.prus.dev/main_script_dev/include/Core/ErrorHandler.php 66: <unknown file> <unknown line> calling handleFatalErrors()
[2025.10.08 23:59:00] No config row found.
[2025.10.08 23:59:00] Backtrace from warning 'Trying to access array offset on null' at /www/wwwroot/traviant46.prus.dev/main_script_dev/include/Core/ErrorHandler.php 66: <unknown file> <unknown line> calling handleFatalErrors()
[2025.10.09 01:00:18] No config row found.
[2025.10.09 01:00:18] Backtrace from warning 'Trying to access array offset on null' at /www/wwwroot/traviant46.prus.dev/main_script_dev/include/Core/ErrorHandler.php 66: <unknown file> <unknown line> calling handleFatalErrors()
[2025.10.09 02:01:36] No config row found.
[2025.10.09 02:01:36] Backtrace from warning 'Trying to access array offset on null' at /www/wwwroot/traviant46.prus.dev/main_script_dev/include/Core/ErrorHandler.php 66: <unknown file> <unknown line> calling handleFatalErrors()
[2025.10.09 03:02:55] No config row found.
[2025.10.09 03:02:55] Backtrace from warning 'Trying to access array offset on null' at /www/wwwroot/traviant46.prus.dev/main_script_dev/include/Core/ErrorHandler.php 66: <unknown file> <unknown line> calling handleFatalErrors()
[2025.10.09 04:04:15] No config row found.
[2025.10.09 04:04:15] Backtrace from warning 'Trying to access array offset on null' at /www/wwwroot/traviant46.prus.dev/main_script_dev/include/Core/ErrorHandler.php 66: <unknown file> <unknown line> calling handleFatalErrors()
[2025.10.09 05:05:34] No config row found.
[2025.10.09 05:05:34] Backtrace from warning 'Trying to access array offset on null' at /www/wwwroot/traviant46.prus.dev/main_script_dev/include/Core/ErrorHandler.php 66: <unknown file> <unknown line> calling handleFatalErrors()
[2025.10.09 06:06:54] No config row found.
[2025.10.09 06:06:54] Backtrace from warning 'Trying to access array offset on null' at /www/wwwroot/traviant46.prus.dev/main_script_dev/include/Core/ErrorHandler.php 66: <unknown file> <unknown line> calling handleFatalErrors()
[2025.10.09 07:08:14] No config row found.
[2025.10.09 07:08:14] Backtrace from warning 'Trying to access array offset on null' at /www/wwwroot/traviant46.prus.dev/main_script_dev/include/Core/ErrorHandler.php 66: <unknown file> <unknown line> calling handleFatalErrors()
[2025.10.09 08:09:34] No config row found.
[2025.10.09 08:09:34] Backtrace from warning 'Trying to access array offset on null' at /www/wwwroot/traviant46.prus.dev/main_script_dev/include/Core/ErrorHandler.php 66: <unknown file> <unknown line> calling handleFatalErrors()
[2025.10.09 09:10:55] No config row found.
[2025.10.09 09:10:55] Backtrace from warning 'Trying to access array offset on null' at /www/wwwroot/traviant46.prus.dev/main_script_dev/include/Core/ErrorHandler.php 66: <unknown file> <unknown line> calling handleFatalErrors()
[2025.10.09 10:12:15] No config row found.
[2025.10.09 10:12:15] Backtrace from warning 'Trying to access array offset on null' at /www/wwwroot/traviant46.prus.dev/main_script_dev/include/Core/ErrorHandler.php 66: <unknown file> <unknown line> calling handleFatalErrors()
[2025.10.09 11:13:31] No config row found.
[2025.10.09 11:13:31] Backtrace from warning 'Trying to access array offset on null' at /www/wwwroot/traviant46.prus.dev/main_script_dev/include/Core/ErrorHandler.php 66: <unknown file> <unknown line> calling handleFatalErrors()
[2025.10.09 12:14:49] No config row found.
[2025.10.09 12:14:49] Backtrace from warning 'Trying to access array offset on null' at /www/wwwroot/traviant46.prus.dev/main_script_dev/include/Core/ErrorHandler.php 66: <unknown file> <unknown line> calling handleFatalErrors()
[2025.10.09 13:16:10] No config row found.
[2025.10.09 13:16:10] Backtrace from warning 'Trying to access array offset on null' at /www/wwwroot/traviant46.prus.dev/main_script_dev/include/Core/ErrorHandler.php 66: <unknown file> <unknown line> calling handleFatalErrors()
[2025.10.09 14:17:28] No config row found.
[2025.10.09 14:17:28] Backtrace from warning 'Trying to access array offset on null' at /www/wwwroot/traviant46.prus.dev/main_script_dev/include/Core/ErrorHandler.php 66: <unknown file> <unknown line> calling handleFatalErrors()
[2025.10.09 15:18:46] No config row found.
[2025.10.09 15:18:46] Backtrace from warning 'Trying to access array offset on null' at /www/wwwroot/traviant46.prus.dev/main_script_dev/include/Core/ErrorHandler.php 66: <unknown file> <unknown line> calling handleFatalErrors()
[2025.10.09 16:20:07] No config row found.
[2025.10.09 16:20:07] Backtrace from warning 'Trying to access array offset on null' at /www/wwwroot/traviant46.prus.dev/main_script_dev/include/Core/ErrorHandler.php 66: <unknown file> <unknown line> calling handleFatalErrors()
[2025.10.09 17:21:19] No config row found.
[2025.10.09 17:21:19] Backtrace from warning 'Trying to access array offset on null' at /www/wwwroot/traviant46.prus.dev/main_script_dev/include/Core/ErrorHandler.php 66: <unknown file> <unknown line> calling handleFatalErrors()
[2025.10.09 18:22:37] No config row found.
[2025.10.09 18:22:37] Backtrace from warning 'Trying to access array offset on null' at /www/wwwroot/traviant46.prus.dev/main_script_dev/include/Core/ErrorHandler.php 66: <unknown file> <unknown line> calling handleFatalErrors()
[2025.10.09 19:24:16] No config row found.
[2025.10.09 19:24:16] Backtrace from warning 'Trying to access array offset on null' at /www/wwwroot/traviant46.prus.dev/main_script_dev/include/Core/ErrorHandler.php 66: <unknown file> <unknown line> calling handleFatalErrors()
[2025.10.09 20:25:14] No config row found.
[2025.10.09 20:25:14] Backtrace from warning 'Trying to access array offset on null' at /www/wwwroot/traviant46.prus.dev/main_script_dev/include/Core/ErrorHandler.php 66: <unknown file> <unknown line> calling handleFatalErrors()
[2025.10.09 21:26:29] No config row found.
[2025.10.09 21:26:29] Backtrace from warning 'Trying to access array offset on null' at /www/wwwroot/traviant46.prus.dev/main_script_dev/include/Core/ErrorHandler.php 66: <unknown file> <unknown line> calling handleFatalErrors()
[2025.10.09 22:27:46] No config row found.
[2025.10.09 22:27:46] Backtrace from warning 'Trying to access array offset on null' at /www/wwwroot/traviant46.prus.dev/main_script_dev/include/Core/ErrorHandler.php 66: <unknown file> <unknown line> calling handleFatalErrors()
[2025.10.09 22:35:34] No config row found.
[2025.10.09 22:35:34] Backtrace from warning 'Trying to access array offset on null' at /www/wwwroot/traviant46.prus.dev/main_script_dev/include/Core/ErrorHandler.php 66: <unknown file> <unknown line> calling handleFatalErrors()
[2025.10.09 22:51:54] No config row found.
[2025.10.09 22:51:54] Backtrace from warning 'Trying to access array offset on null' at /www/wwwroot/traviant46.prus.dev/main_script_dev/include/Core/ErrorHandler.php 66: <unknown file> <unknown line> calling handleFatalErrors()
[2025.10.09 23:27:53] No config row found.
[2025.10.09 23:27:53] Backtrace from warning 'Trying to access array offset on null' at /www/wwwroot/traviant46.prus.dev/main_script_dev/include/Core/ErrorHandler.php 66: <unknown file> <unknown line> calling handleFatalErrors()
[2025.10.09 23:28:12] No config row found.
[2025.10.09 23:28:12] Backtrace from warning 'Trying to access array offset on null' at /www/wwwroot/traviant46.prus.dev/main_script_dev/include/Core/ErrorHandler.php 66: <unknown file> <unknown line> calling handleFatalErrors()
[2025.10.10 00:29:13] No config row found.
[2025.10.10 00:29:13] Backtrace from warning 'Trying to access array offset on null' at /www/wwwroot/traviant46.prus.dev/main_script_dev/include/Core/ErrorHandler.php 66: <unknown file> <unknown line> calling handleFatalErrors()
[2025.10.10 01:28:49] No config row found.
[2025.10.10 01:28:49] Backtrace from warning 'Trying to access array offset on null' at /www/wwwroot/traviant46.prus.dev/main_script_dev/include/Core/ErrorHandler.php 66: <unknown file> <unknown line> calling handleFatalErrors()
[2025.10.10 01:30:33] No config row found.
[2025.10.10 01:30:33] Backtrace from warning 'Trying to access array offset on null' at /www/wwwroot/traviant46.prus.dev/main_script_dev/include/Core/ErrorHandler.php 66: <unknown file> <unknown line> calling handleFatalErrors()
